t10	thrL		0.0
t10	fixB		49.744952178533474
t10	ftsI		49.652321630804074
t10	yadF		99.59969788519638
t10	map		9.928211586901764
t10	dnaQ		9.980848153214774
t10	trs5_1		53.246062992125985
t10	ykgB		99.5514950166113
t10	mhpR		49.54593453009504
t10	aroL		9.91030534351145
t10	cyoB		49.753892516323454
t10	adk		99.65683229813665
t10	allC		49.85991902834008
t10	ybcW		0.0
t10	ybdL		9.986206896551725
t10	leuS		99.73276529821844
t10	kdpD		49.78464977645306
t10	tolQ		9.763005780346822
t10	ybhL		49.85653409090909
t10	ybiK		99.82487046632124
t10	ltaE		498.27172827172825
t10	ycaI		49.917164816396244
t10	ycbZ		49.902272727272724
t10	torD		99.48747913188647
t10	ymdB		9.938086303939963
t10	maf		49.492776886035315
t10	phoQ		49.77945205479452
t10	ycgI		0.0
t10	kdsA		49.921545667447305
t10	yciD		9.863636363636363
t10	ycjL		49.96134020618557
t10	ydaL		99.91119005328596
t10	ynbE		0.0
t10	tehB		49.74536256323778
t10	yddL		0.0
t10	ydeY		99.79571984435798
t10	essQ		0.0
t10	ydgE		0.0
t10	ydhH		49.7736699729486
t10	sufA		99.86684782608695
t10	ydjM		49.91029900332226
t10	ydjF		9.878627968337732
t10	pabB		49.88905216752388
t10	pykA		99.71428571428571
t10	otsA		9.95435393258427
t10	fliL		49.685344827586206
t10	yi21_3		9.75609756097561
t10	rfbA		99.5266742338252
t10	yegQ		498.26524614254225
t10	yehY		9.917026793431289
t10	yeiQ		49.81241473396999
t10	ompC		99.77697189483227
t10	pmrD		0.0
t10	yfcF		9.936335403726709
t10	yfcZ		0.0
t10	ypdG		99.77626303127506
t10	amiA		49.890678941311855
t10	nlpB		49.91899710703954
t10	pbpC		49.9204152249135
t10	yfhH		99.73804347826086
t10	trmD		49.88787483702738
t10	ygaD		49.80281690140845
t10	nlpD		498.7690956979807
t10	rumA		99.84473481936972
t10	ygdP		9.981132075471699
t10	ygeZ		9.91696492483894
t10	sbm		49.850746268656714
t10	yggH		99.2364394993046
t10	yghA		49.94683257918552
t10	yqiG		9.963083164300203
t10	ygjU		49.87942122186495
t10	agaA		99.21272365805169
t10	rrmJ		49.84419713831478
t10	yhcH		49.95474137931034
t10	envR		9.953172205438067
t10	rpsC		99.45363766048501
t10	yhfA		498.4504950495049
t10	yrfG		9.934081346423563
t10	yrhA		49.94471153846154
t10	yhhJ		99.23868677905945
t10	yhjJ		49.9264705882353
t10	xylH		49.864521591871295
t10	grxC		0.0
t10	recG		99.43873137914464
t10	dgoR		9.849056603773585
t10	atpE		0.0
t10	rffG		49.890346766635425
t10	yigP		99.64297520661157
t10	yihW		49.7663782447466
t10	glpF		9.931360946745562
t10	coaA		498.6852631578947
t10	yjbD		0.0
t10	yjcE		49.74044875682232
t10	phnB		48.887133182844245
t10	sugE		9.740899357601712
t10	ulaA		99.69325997248968
t10	cybC		0.0
t10	yjhB		498.7564604541895
t10	gntP		49.90469099032018
t10	yjjP		99.62545018007202
t1	thrL		0.0
t1	fixB		48.45908607863974
t1	ftsI		47.73386183465459
t1	yadF		9.516616314199396
t1	map		95.34005037783375
t1	dnaQ		9.439124487004104
t1	trs5_1		48.37303149606299
t1	ykgB		9.800664451827242
t1	mhpR		47.83526927138332
t1	aroL		97.70992366412214
t1	cyoB		47.408337518834756
t1	adk		9.472049689440993
t1	allC		48.66234817813765
t1	ybcW		0.0
t1	ybdL		97.32586206896552
t1	leuS		9.721146398140975
t1	kdpD		48.24888226527571
t1	tolQ		9.393063583815028
t1	ybhL		46.77414772727273
t1	ybiK		9.277720207253886
t1	ltaE		482.1178821178821
t1	ycaI		48.505550811272414
t1	ycbZ		49.08863636363636
t1	torD		8.569282136894826
t1	ymdB		97.5609756097561
t1	maf		48.154093097913325
t1	phoQ		48.012328767123286
t1	ycgI		0.0
t1	kdsA		48.00936768149883
t1	yciD		97.4921630094044
t1	ycjL		48.84020618556701
t1	ydaL		9.769094138543517
t1	ynbE		0.0
t1	tehB		47.38617200674536
t1	yddL		0.0
t1	ydeY		9.33852140077821
t1	essQ		0.0
t1	ydgE		0.0
t1	ydhH		48.06131650135257
t1	sufA		9.23913043478261
t1	ydjM		47.3421926910299
t1	ydjF		9.630606860158311
t1	pabB		47.390154298310065
t1	pykA		9.847434119278779
t1	otsA		96.83848314606742
t1	fliL		47.8125
t1	yi21_3		8.658536585365853
t1	rfbA		9.194097616345063
t1	yegQ		478.60249816311534
t1	yehY		96.62921348314607
t1	yeiQ		48.77216916780355
t1	ompC		9.519492293744333
t1	pmrD		0.0
t1	yfcF		9.158385093167702
t1	yfcZ		0.0
t1	ypdG		9.461106655974339
t1	amiA		47.638665132336016
t1	nlpB		49.178399228543874
t1	pbpC		48.6159169550173
t1	yfhH		9.456521739130435
t1	trmD		49.152542372881356
t1	ygaD		48.48692152917505
t1	nlpD		482.24407374890257
t1	rumA		9.761721752498078
t1	ygdP		96.41132075471698
t1	ygeZ		9.47816750178955
t1	sbm		47.27985074626866
t1	yggH		9.418636995827539
t1	yghA		48.755656108597286
t1	yqiG		96.06490872210954
t1	ygjU		48.47266881028939
t1	agaA		9.74155069582505
t1	rrmJ		47.05882352941177
t1	yhcH		48.922413793103445
t1	envR		95.24622356495469
t1	rpsC		9.803138373751784
t1	yhfA		480.43564356435644
t1	yrfG		8.976157082748948
t1	yrhA		48.55769230769231
t1	yhhJ		9.849157054125998
t1	yhjJ		47.7927807486631
t1	xylH		48.17781541066893
t1	grxC		0.0
t1	recG		9.662181643440654
t1	dgoR		95.933236574746
t1	atpE		0.0
t1	rffG		47.79756326148079
t1	yigP		9.748760330578513
t1	yihW		48.4548825710754
t1	glpF		96.33136094674556
t1	coaA		480.2105263157895
t1	yjbD		0.0
t1	yjcE		48.756822316555485
t1	phnB		46.419864559819416
t1	sugE		88.54817987152035
t1	ulaA		9.310866574965612
t1	cybC		0.0
t1	yjhB		480.4197337509789
t1	gntP		48.54802680565897
t1	yjjP		9.843937575030012
t2	thrL		0.0
t2	fixB		48.45908607863974
t2	ftsI		47.73386183465459
t2	yadF		19.184290030211482
t2	map		85.39042821158691
t2	dnaQ		18.87824897400821
t2	trs5_1		48.51279527559055
t2	ykgB		19.601328903654483
t2	mhpR		47.83526927138332
t2	aroL		87.3969465648855
t2	cyoB		47.408337518834756
t2	adk		19.25465838509317
t2	allC		48.66234817813765
t2	ybcW		0.0
t2	ybdL		87.5844827586207
t2	leuS		19.44229279628195
t2	kdpD		48.396423248882265
t2	tolQ		18.641618497109828
t2	ybhL		46.77414772727273
t2	ybiK		18.81139896373057
t2	ltaE		482.1178821178821
t2	ycaI		48.505550811272414
t2	ycbZ		49.08863636363636
t2	torD		18.202003338898162
t2	ymdB		87.61726078799249
t2	maf		48.154093097913325
t2	phoQ		48.012328767123286
t2	ycgI		0.0
t2	kdsA		48.00936768149883
t2	yciD		87.7742946708464
t2	ycjL		48.84020618556701
t2	ydaL		19.715808170515096
t2	ynbE		0.0
t2	tehB		47.38617200674536
t2	yddL		0.0
t2	ydeY		18.77237354085603
t2	essQ		0.0
t2	ydgE		0.0
t2	ydhH		48.06131650135257
t2	sufA		19.28804347826087
t2	ydjM		47.3421926910299
t2	ydjF		19.261213720316622
t2	pabB		47.390154298310065
t2	pykA		19.486823855755894
t2	otsA		86.86657303370787
t2	fliL		47.8125
t2	yi21_3		8.048780487804878
t2	rfbA		18.728717366628832
t2	yegQ		478.60249816311534
t2	yehY		87.1218668971478
t2	yeiQ		48.77216916780355
t2	ompC		19.038984587488667
t2	pmrD		0.0
t2	yfcF		18.940993788819874
t2	yfcZ		0.0
t2	ypdG		19.24458700882117
t2	amiA		47.638665132336016
t2	nlpB		49.178399228543874
t2	pbpC		48.6159169550173
t2	yfhH		19.23913043478261
t2	trmD		49.152542372881356
t2	ygaD		48.48692152917505
t2	nlpD		482.24407374890257
t2	rumA		19.36817832436587
t2	ygdP		86.78867924528302
t2	ygeZ		19.012884753042233
t2	sbm		47.27985074626866
t2	yggH		18.564673157162726
t2	yghA		48.755656108597286
t2	yqiG		86.49087221095334
t2	ygjU		48.47266881028939
t2	agaA		19.08548707753479
t2	rrmJ		48.80445151033386
t2	yhcH		48.922413793103445
t2	envR		85.51208459214502
t2	rpsC		19.55064194008559
t2	yhfA		480.43564356435644
t2	yrfG		18.653576437587656
t2	yrhA		48.55769230769231
t2	yhhJ		19.520851818988465
t2	yhjJ		47.7927807486631
t2	xylH		48.17781541066893
t2	grxC		0.0
t2	recG		18.860163382988947
t2	dgoR		86.2089985486212
t2	atpE		0.0
t2	rffG		47.79756326148079
t2	yigP		19.170247933884298
t2	yihW		48.4548825710754
t2	glpF		86.3905325443787
t2	coaA		480.8336842105263
t2	yjbD		0.0
t2	yjcE		48.756822316555485
t2	phnB		46.419864559819416
t2	sugE		79.49036402569592
t2	ulaA		19.463548830811554
t2	cybC		0.0
t2	yjhB		480.4197337509789
t2	gntP		48.54802680565897
t2	yjjP		19.56782713085234
t3	thrL		0.0
t3	fixB		48.45908607863974
t3	ftsI		47.73386183465459
t3	yadF		28.851963746223564
t3	map		75.94458438287154
t3	dnaQ		28.317373461012313
t3	trs5_1		47.03838582677165
t3	ykgB		28.903654485049834
t3	mhpR		47.83526927138332
t3	aroL		77.47328244274809
t3	cyoB		47.408337518834756
t3	adk		29.19254658385093
t3	allC		48.66234817813765
t3	ybcW		0.0
t3	ybdL		77.75689655172414
t3	leuS		29.0859798605732
t3	kdpD		48.396423248882265
t3	tolQ		28.32369942196532
t3	ybhL		46.77414772727273
t3	ybiK		27.88082901554404
t3	ltaE		482.1178821178821
t3	ycaI		48.505550811272414
t3	ycbZ		49.08863636363636
t3	torD		28.218697829716195
t3	ymdB		77.86116322701689
t3	maf		48.154093097913325
t3	phoQ		48.012328767123286
t3	ycgI		0.0
t3	kdsA		48.00936768149883
t3	yciD		77.89968652037618
t3	ycjL		48.84020618556701
t3	ydaL		29.30728241563055
t3	ynbE		0.0
t3	tehB		47.38617200674536
t3	yddL		0.0
t3	ydeY		28.59727626459144
t3	essQ		0.0
t3	ydgE		0.0
t3	ydhH		48.06131650135257
t3	sufA		29.342391304347824
t3	ydjM		47.3421926910299
t3	ydjF		28.889182058047492
t3	pabB		47.390154298310065
t3	pykA		28.848821081830792
t3	otsA		77.24578651685393
t3	fliL		47.8125
t3	yi21_3		7.195121951219512
t3	rfbA		28.37684449489217
t3	yegQ		478.60249816311534
t3	yehY		77.52808988764045
t3	yeiQ		48.77216916780355
t3	ompC		28.921124206708974
t3	pmrD		0.0
t3	yfcF		28.72360248447205
t3	yfcZ		0.0
t3	ypdG		28.947874899759423
t3	amiA		47.638665132336016
t3	nlpB		49.178399228543874
t3	pbpC		48.6159169550173
t3	yfhH		29.130434782608695
t3	trmD		49.152542372881356
t3	ygaD		48.48692152917505
t3	nlpD		483.225636523266
t3	rumA		29.12990007686395
t3	ygdP		77.16603773584906
t3	ygeZ		28.86184681460272
t3	sbm		47.27985074626866
t3	yggH		28.108484005563284
t3	yghA		48.755656108597286
t3	yqiG		77.03853955375254
t3	ygjU		48.47266881028939
t3	agaA		28.628230616302186
t3	rrmJ		48.80445151033386
t3	yhcH		48.922413793103445
t3	envR		76.12537764350454
t3	rpsC		29.19971469329529
t3	yhfA		480.43564356435644
t3	yrfG		28.050490883590463
t3	yrhA		48.55769230769231
t3	yhhJ		29.103815439219165
t3	yhjJ		47.7927807486631
t3	xylH		48.17781541066893
t3	grxC		0.0
t3	recG		28.48630466122057
t3	dgoR		76.48766328011611
t3	atpE		0.0
t3	rffG		47.79756326148079
t3	yigP		28.75371900826446
t3	yihW		48.4548825710754
t3	glpF		76.68639053254438
t3	coaA		480.8336842105263
t3	yjbD		0.0
t3	yjcE		48.756822316555485
t3	phnB		46.419864559819416
t3	sugE		70.22912205567452
t3	ulaA		28.88583218707015
t3	cybC		0.0
t3	yjhB		480.4197337509789
t3	gntP		48.54802680565897
t3	yjjP		29.051620648259302
t4	thrL		0.0
t4	fixB		48.45908607863974
t4	ftsI		47.73386183465459
t4	yadF		38.670694864048336
t4	map		66.24685138539043
t4	dnaQ		37.75649794801642
t4	trs5_1		49.556102362204726
t4	ykgB		38.8671096345515
t4	mhpR		47.83526927138332
t4	aroL		67.93129770992367
t4	cyoB		47.408337518834756
t4	adk		38.81987577639752
t4	allC		48.66234817813765
t4	ybcW		0.0
t4	ybdL		68.10172413793103
t4	leuS		39.0007745933385
t4	kdpD		48.396423248882265
t4	tolQ		37.57225433526011
t4	ybhL		46.77414772727273
t4	ybiK		37.39792746113989
t4	ltaE		482.1178821178821
t4	ycaI		48.505550811272414
t4	ycbZ		47.80681818181818
t4	torD		37.530884808013354
t4	ymdB		68.48030018761726
t4	maf		48.154093097913325
t4	phoQ		48.012328767123286
t4	ycgI		0.0
t4	kdsA		48.00936768149883
t4	yciD		68.49529780564264
t4	ycjL		48.84020618556701
t4	ydaL		39.253996447602134
t4	ynbE		0.0
t4	tehB		47.38617200674536
t4	yddL		0.0
t4	ydeY		38.13035019455253
t4	essQ		0.0
t4	ydgE		0.0
t4	ydhH		48.06131650135257
t4	sufA		39.125
t4	ydjM		47.3421926910299
t4	ydjF		38.78364116094987
t4	pabB		47.390154298310065
t4	pykA		38.21081830790569
t4	otsA		67.55477528089888
t4	fliL		47.8125
t4	yi21_3		7.073170731707317
t4	rfbA		38.02497162315551
t4	yegQ		478.60249816311534
t4	yehY		67.76145203111496
t4	yeiQ		48.77216916780355
t4	ompC		38.803263825929285
t4	pmrD		0.0
t4	yfcF		38.350931677018636
t4	yfcZ		0.0
t4	ypdG		38.41058540497193
t4	amiA		47.638665132336016
t4	nlpB		49.178399228543874
t4	pbpC		48.6159169550173
t4	yfhH		38.91304347826087
t4	trmD		49.152542372881356
t4	ygaD		48.48692152917505
t4	nlpD		483.225636523266
t4	rumA		38.89162182936203
t4	ygdP		67.35471698113207
t4	ygeZ		38.21832498210451
t4	sbm		47.27985074626866
t4	yggH		37.49095966620306
t4	yghA		48.755656108597286
t4	yqiG		67.18052738336714
t4	ygjU		48.47266881028939
t4	agaA		37.97216699801193
t4	rrmJ		48.80445151033386
t4	yhcH		48.922413793103445
t4	envR		66.77341389728096
t4	rpsC		38.85592011412268
t4	yhfA		480.43564356435644
t4	yrfG		38.849929873772794
t4	yrhA		48.55769230769231
t4	yhhJ		38.952972493345165
t4	yhjJ		47.7927807486631
t4	xylH		48.17781541066893
t4	grxC		0.0
t4	recG		37.97933685728015
t4	dgoR		66.76342525399129
t4	atpE		0.0
t4	rffG		47.79756326148079
t4	yigP		38.67107438016529
t4	yihW		48.4548825710754
t4	glpF		67.45562130177515
t4	coaA		480.8336842105263
t4	yjbD		0.0
t4	yjcE		48.756822316555485
t4	phnB		46.419864559819416
t4	sugE		62.45182012847966
t4	ulaA		38.101788170563964
t4	cybC		0.0
t4	yjhB		480.4197337509789
t4	gntP		48.54802680565897
t4	yjjP		38.65546218487395
t5	thrL		0.0
t5	fixB		48.45908607863974
t5	ftsI		47.73386183465459
t5	yadF		48.48942598187311
t5	map		56.80100755667506
t5	dnaQ		47.19562243502052
t5	trs5_1		48.76968503937008
t5	ykgB		48.501661129568106
t5	mhpR		47.83526927138332
t5	aroL		58.58015267175573
t5	cyoB		47.408337518834756
t5	adk		48.13664596273292
t5	allC		48.66234817813765
t5	ybcW		0.0
t5	ybdL		58.360344827586204
t5	leuS		48.56700232378002
t5	kdpD		48.396423248882265
t5	tolQ		47.25433526011561
t5	ybhL		46.77414772727273
t5	ybiK		47.335751295336784
t5	ltaE		482.1178821178821
t5	ycaI		48.505550811272414
t5	ycbZ		47.80681818181818
t5	torD		47.213689482470784
t5	ymdB		58.911819887429644
t5	maf		48.154093097913325
t5	phoQ		48.012328767123286
t5	ycgI		0.0
t5	kdsA		48.594847775175644
t5	yciD		58.62068965517241
t5	ycjL		48.84020618556701
t5	ydaL		48.84547069271758
t5	ynbE		0.0
t5	tehB		47.38617200674536
t5	yddL		0.0
t5	ydeY		47.46887159533074
t5	essQ		0.0
t5	ydgE		0.0
t5	ydhH		48.06131650135257
t5	sufA		49.17934782608695
t5	ydjM		47.3421926910299
t5	ydjF		48.28232189973615
t5	pabB		47.390154298310065
t5	pykA		47.78085991678225
t5	otsA		57.44241573033708
t5	fliL		47.8125
t5	yi21_3		8.658536585365853
t5	rfbA		47.67309875141884
t5	yegQ		478.60249816311534
t5	yehY		58.16767502160761
t5	yeiQ		48.77216916780355
t5	ompC		48.41341795104261
t5	pmrD		0.0
t5	yfcF		48.2888198757764
t5	yfcZ		0.0
t5	ypdG		47.95348837209303
t5	amiA		47.638665132336016
t5	nlpB		49.178399228543874
t5	pbpC		48.6159169550173
t5	yfhH		48.47826086956522
t5	trmD		49.152542372881356
t5	ygaD		48.48692152917505
t5	nlpD		483.225636523266
t5	rumA		48.57647963105303
t5	ygdP		57.92075471698113
t5	ygeZ		47.98639942734431
t5	sbm		47.27985074626866
t5	yggH		47.013908205841446
t5	yghA		48.755656108597286
t5	yqiG		57.64705882352941
t5	ygjU		48.47266881028939
t5	agaA		47.713717693836976
t5	rrmJ		48.80445151033386
t5	yhcH		48.922413793103445
t5	envR		57.80815709969789
t5	rpsC		48.410841654778885
t5	yhfA		480.43564356435644
t5	yrfG		48.38709677419355
t5	yrhA		48.55769230769231
t5	yhhJ		48.80212954747116
t5	yhjJ		47.7927807486631
t5	xylH		48.17781541066893
t5	grxC		0.0
t5	recG		47.625660740028835
t5	dgoR		57.03918722786647
t5	atpE		0.0
t5	rffG		47.79756326148079
t5	yigP		47.92727272727273
t5	yihW		48.4548825710754
t5	glpF		57.751479289940825
t5	coaA		480.8336842105263
t5	yjbD		0.0
t5	yjcE		48.756822316555485
t5	phnB		46.419864559819416
t5	sugE		53.773019271948606
t5	ulaA		47.79917469050894
t5	cybC		0.0
t5	yjhB		480.4197337509789
t5	gntP		48.54802680565897
t5	yjjP		48.019207683073226
t6	thrL		0.0
t6	fixB		48.45908607863974
t6	ftsI		47.73386183465459
t6	yadF		58.00604229607251
t6	map		47.858942065491185
t6	dnaQ		47.19562243502052
t6	trs5_1		49.556102362204726
t6	ykgB		58.30232558139535
t6	mhpR		47.83526927138332
t6	aroL		48.85114503816794
t6	cyoB		47.408337518834756
t6	adk		57.608695652173914
t6	allC		48.66234817813765
t6	ybcW		0.0
t6	ybdL		48.79137931034483
t6	leuS		58.326878388845856
t6	kdpD		48.396423248882265
t6	tolQ		47.25433526011561
t6	ybhL		46.77414772727273
t6	ybiK		56.54818652849741
t6	ltaE		482.1178821178821
t6	ycaI		48.505550811272414
t6	ycbZ		47.80681818181818
t6	torD		56.86143572621035
t6	ymdB		48.968105065666045
t6	maf		48.154093097913325
t6	phoQ		48.012328767123286
t6	ycgI		0.0
t6	kdsA		48.594847775175644
t6	yciD		48.90282131661442
t6	ycjL		48.84020618556701
t6	ydaL		58.43694493783304
t6	ynbE		0.0
t6	tehB		47.38617200674536
t6	yddL		0.0
t6	ydeY		57.099221789883266
t6	essQ		0.0
t6	ydgE		0.0
t6	ydhH		48.06131650135257
t6	sufA		58.41847826086956
t6	ydjM		47.3421926910299
t6	ydjF		48.28232189973615
t6	pabB		47.390154298310065
t6	pykA		57.350901525658806
t6	otsA		47.962078651685395
t6	fliL		47.8125
t6	yi21_3		9.024390243902438
t6	rfbA		56.75368898978434
t6	yegQ		478.60249816311534
t6	yehY		48.57389801210026
t6	yeiQ		48.77216916780355
t6	ompC		57.75158658204896
t6	pmrD		0.0
t6	yfcF		48.2888198757764
t6	yfcZ		0.0
t6	ypdG		57.81716118684844
t6	amiA		47.638665132336016
t6	nlpB		49.178399228543874
t6	pbpC		48.6159169550173
t6	yfhH		58.15
t6	trmD		49.152542372881356
t6	ygaD		48.48692152917505
t6	nlpD		483.225636523266
t6	rumA		58.1076095311299
t6	ygdP		46.83207547169811
t6	ygeZ		47.98639942734431
t6	sbm		47.27985074626866
t6	yggH		55.95132127955494
t6	yghA		48.755656108597286
t6	yqiG		47.99188640973631
t6	ygjU		48.47266881028939
t6	agaA		56.461232604373755
t6	rrmJ		48.80445151033386
t6	yhcH		48.922413793103445
t6	envR		48.16012084592145
t6	rpsC		57.907275320970044
t6	yhfA		480.43564356435644
t6	yrfG		48.38709677419355
t6	yrhA		48.55769230769231
t6	yhhJ		58.20763087843833
t6	yhjJ		47.7927807486631
t6	xylH		48.17781541066893
t6	grxC		0.0
t6	recG		57.14944738106679
t6	dgoR		47.314949201741655
t6	atpE		0.0
t6	rffG		47.79756326148079
t6	yigP		57.514049586776856
t6	yihW		48.4548825710754
t6	glpF		47.928994082840234
t6	coaA		480.8336842105263
t6	yjbD		0.0
t6	yjcE		48.756822316555485
t6	phnB		46.419864559819416
t6	sugE		44.74518201284796
t6	ulaA		57.49656121045392
t6	cybC		0.0
t6	yjhB		480.4197337509789
t6	gntP		48.54802680565897
t6	yjjP		57.38295318127251
t7	thrL		0.0
t7	fixB		48.45908607863974
t7	ftsI		47.73386183465459
t7	yadF		66.91842900302115
t7	map		38.16120906801007
t7	dnaQ		37.75649794801642
t7	trs5_1		49.55708661417323
t7	ykgB		67.6046511627907
t7	mhpR		47.83526927138332
t7	aroL		39.30916030534351
t7	cyoB		47.408337518834756
t7	adk		67.54658385093168
t7	allC		48.66234817813765
t7	ybcW		0.0
t7	ybdL		38.87758620689655
t7	leuS		68.0867544539117
t7	kdpD		48.396423248882265
t7	tolQ		37.57225433526011
t7	ybhL		46.77414772727273
t7	ybiK		65.84974093264249
t7	ltaE		482.1178821178821
t7	ycaI		48.505550811272414
t7	ycbZ		47.80681818181818
t7	torD		66.40734557595994
t7	ymdB		39.39962476547842
t7	maf		48.154093097913325
t7	phoQ		48.012328767123286
t7	ycgI		0.0
t7	kdsA		48.594847775175644
t7	yciD		38.87147335423197
t7	ycjL		48.84020618556701
t7	ydaL		68.38365896980461
t7	ynbE		0.0
t7	tehB		47.38617200674536
t7	yddL		0.0
t7	ydeY		66.92412451361868
t7	essQ		0.0
t7	ydgE		0.0
t7	ydhH		48.06131650135257
t7	sufA		68.20108695652173
t7	ydjM		47.3421926910299
t7	ydjF		38.78364116094987
t7	pabB		48.126377663482735
t7	pykA		66.99029126213593
t7	otsA		38.622191011235955
t7	fliL		47.8125
t7	yi21_3		8.536585365853659
t7	rfbA		66.62883087400681
t7	yegQ		478.60249816311534
t7	yehY		38.72082973206569
t7	yeiQ		48.77216916780355
t7	ompC		67.63372620126927
t7	pmrD		0.0
t7	yfcF		38.350931677018636
t7	yfcZ		0.0
t7	ypdG		67.60064153969527
t7	amiA		47.638665132336016
t7	nlpB		49.178399228543874
t7	pbpC		48.6159169550173
t7	yfhH		67.93260869565218
t7	trmD		49.152542372881356
t7	ygaD		48.48692152917505
t7	nlpD		483.225636523266
t7	rumA		67.63873943120676
t7	ygdP		37.72830188679245
t7	ygeZ		38.21832498210451
t7	sbm		47.27985074626866
t7	yggH		65.56189151599443
t7	yghA		48.755656108597286
t7	yqiG		38.33671399594321
t7	ygjU		48.47266881028939
t7	agaA		65.8051689860835
t7	rrmJ		48.80445151033386
t7	yhcH		48.922413793103445
t7	envR		38.56344410876133
t7	rpsC		67.37945791726105
t7	yhfA		480.43564356435644
t7	yrfG		38.849929873772794
t7	yrhA		48.55769230769231
t7	yhhJ		67.79059449866904
t7	yhjJ		47.7927807486631
t7	xylH		48.17781541066893
t7	grxC		0.0
t7	recG		66.59394521864488
t7	dgoR		37.88098693759071
t7	atpE		0.0
t7	rffG		47.79756326148079
t7	yigP		66.60495867768596
t7	yihW		48.4548825710754
t7	glpF		38.69822485207101
t7	coaA		480.8336842105263
t7	yjbD		0.0
t7	yjcE		48.756822316555485
t7	phnB		46.419864559819416
t7	sugE		35.70235546038544
t7	ulaA		67.2627235213205
t7	cybC		0.0
t7	yjhB		480.4197337509789
t7	gntP		48.54802680565897
t7	yjjP		66.86674669867948
t8	thrL		0.0
t8	fixB		48.45908607863974
t8	ftsI		47.73386183465459
t8	yadF		76.28398791540785
t8	map		28.463476070528966
t8	dnaQ		28.317373461012313
t8	trs5_1		47.29232283464567
t8	ykgB		77.40531561461793
t8	mhpR		47.83526927138332
t8	aroL		29.385496183206108
t8	cyoB		47.408337518834756
t8	adk		77.32919254658385
t8	allC		48.66234817813765
t8	ybcW		0.0
t8	ybdL		28.877586206896552
t8	leuS		77.53679318357862
t8	kdpD		48.396423248882265
t8	tolQ		28.32369942196532
t8	ybhL		46.77414772727273
t8	ybiK		78.03108808290155
t8	ltaE		482.1178821178821
t8	ycaI		48.505550811272414
t8	ycbZ		47.80681818181818
t8	torD		76.07345575959933
t8	ymdB		29.455909943714822
t8	maf		48.154093097913325
t8	phoQ		48.012328767123286
t8	ycgI		0.0
t8	kdsA		48.594847775175644
t8	yciD		29.153605015673982
t8	ycjL		48.84020618556701
t8	ydaL		78.15275310834814
t8	ynbE		0.0
t8	tehB		47.38617200674536
t8	yddL		0.0
t8	ydeY		76.55447470817121
t8	essQ		0.0
t8	ydgE		0.0
t8	ydhH		48.06131650135257
t8	sufA		78.2554347826087
t8	ydjM		47.3421926910299
t8	ydjF		28.889182058047492
t8	pabB		48.126377663482735
t8	pykA		76.56033287101248
t8	otsA		28.792134831460675
t8	fliL		47.8125
t8	yi21_3		7.926829268292683
t8	rfbA		75.36889897843359
t8	yegQ		478.60249816311534
t8	yehY		28.95419187554019
t8	yeiQ		48.77216916780355
t8	ompC		77.2438803263826
t8	pmrD		0.0
t8	yfcF		28.72360248447205
t8	yfcZ		0.0
t8	ypdG		77.30392943063352
t8	amiA		47.638665132336016
t8	nlpB		49.178399228543874
t8	pbpC		48.6159169550173
t8	yfhH		77.82391304347826
t8	trmD		49.152542372881356
t8	ygaD		48.48692152917505
t8	nlpD		483.225636523266
t8	rumA		77.2467332820907
t8	ygdP		28.145283018867925
t8	ygeZ		28.86184681460272
t8	sbm		47.27985074626866
t8	yggH		74.46870653685674
t8	yghA		48.755656108597286
t8	yqiG		28.76267748478702
t8	ygjU		48.47266881028939
t8	agaA		75.14910536779324
t8	rrmJ		48.80445151033386
t8	yhcH		48.922413793103445
t8	envR		29.083081570996978
t8	rpsC		76.44079885877318
t8	yhfA		480.43564356435644
t8	yrfG		28.892005610098177
t8	yrhA		48.55769230769231
t8	yhhJ		75.51020408163265
t8	yhjJ		47.7927807486631
t8	xylH		48.17781541066893
t8	grxC		0.0
t8	recG		76.16818837097549
t8	dgoR		28.30188679245283
t8	atpE		0.0
t8	rffG		47.79756326148079
t8	yigP		76.19173553719008
t8	yihW		48.4548825710754
t8	glpF		29.11242603550296
t8	coaA		480.8336842105263
t8	yjbD		0.0
t8	yjcE		46.95573074590661
t8	phnB		46.419864559819416
t8	sugE		27.22698072805139
t8	ulaA		76.89133425034387
t8	cybC		0.0
t8	yjhB		480.4197337509789
t8	gntP		48.54802680565897
t8	yjjP		76.47058823529412
t9	thrL		0.0
t9	fixB		48.45908607863974
t9	ftsI		47.73386183465459
t9	yadF		85.95166163141994
t9	map		18.639798488664987
t9	dnaQ		18.87824897400821
t9	trs5_1		49.60629921259842
t9	ykgB		87.20265780730897
t9	mhpR		47.83526927138332
t9	aroL		19.65267175572519
t9	cyoB		47.408337518834756
t9	adk		87.11180124223603
t9	allC		48.66234817813765
t9	ybcW		0.0
t9	ybdL		19.30862068965517
t9	leuS		87.29666924864446
t9	kdpD		48.396423248882265
t9	tolQ		18.641618497109828
t9	ybhL		46.77414772727273
t9	ybiK		87.25388601036269
t9	ltaE		482.1178821178821
t9	ycaI		48.505550811272414
t9	ycbZ		47.80681818181818
t9	torD		85.56427378964942
t9	ymdB		19.50844277673546
t9	maf		48.154093097913325
t9	phoQ		48.012328767123286
t9	ycgI		0.0
t9	kdsA		48.594847775175644
t9	yciD		19.592476489028215
t9	ycjL		48.84020618556701
t9	ydaL		87.92184724689166
t9	ynbE		0.0
t9	tehB		47.38617200674536
t9	yddL		0.0
t9	ydeY		86.28210116731518
t9	essQ		0.0
t9	ydgE		0.0
t9	ydhH		48.06131650135257
t9	sufA		88.03804347826087
t9	ydjM		47.3421926910299
t9	ydjF		19.261213720316622
t9	pabB		48.126377663482735
t9	pykA		86.26907073509015
t9	otsA		19.31179775280899
t9	fliL		47.8125
t9	yi21_3		7.804878048780488
t9	rfbA		85.1305334846765
t9	yegQ		478.60249816311534
t9	yehY		19.187554019014694
t9	yeiQ		48.77216916780355
t9	ompC		86.94469628286491
t9	pmrD		0.0
t9	yfcF		18.940993788819874
t9	yfcZ		0.0
t9	ypdG		86.84683239775461
t9	amiA		47.638665132336016
t9	nlpB		49.178399228543874
t9	pbpC		48.6159169550173
t9	yfhH		87.49782608695652
t9	trmD		49.152542372881356
t9	ygaD		48.48692152917505
t9	nlpD		483.225636523266
t9	rumA		87.16218293620292
t9	ygdP		18.42452830188679
t9	ygeZ		19.012884753042233
t9	sbm		47.27985074626866
t9	yggH		84.43115438108484
t9	yghA		48.755656108597286
t9	yqiG		19.188640973630832
t9	ygjU		48.47266881028939
t9	agaA		84.29423459244533
t9	rrmJ		48.80445151033386
t9	yhcH		48.922413793103445
t9	envR		19.32477341389728
t9	rpsC		85.68758915834522
t9	yhfA		480.43564356435644
t9	yrfG		19.35483870967742
t9	yrhA		48.55769230769231
t9	yhhJ		85.27062999112688
t9	yhjJ		47.7927807486631
t9	xylH		48.17781541066893
t9	grxC		0.0
t9	recG		85.46371936568957
t9	dgoR		18.867924528301888
t9	atpE		0.0
t9	rffG		48.35801312089972
t9	yigP		85.61322314049586
t9	yihW		48.4548825710754
t9	glpF		19.28994082840237
t9	coaA		480.8336842105263
t9	yjbD		0.0
t9	yjcE		46.95573074590661
t9	phnB		46.419864559819416
t9	sugE		17.890792291220556
t9	ulaA		86.58872077028886
t9	cybC		0.0
t9	yjhB		480.4197337509789
t9	gntP		48.54802680565897
t9	yjjP		86.19447779111644
