                                 Started job on |	Nov 12 05:00:47
                             Started mapping on |	Nov 12 05:00:47
                                    Finished on |	Nov 12 05:01:04
       Mapping speed, Million of reads per hour |	17.37

                          Number of input reads |	82004
                      Average input read length |	100
                                    UNIQUE READS:
                   Uniquely mapped reads number |	76091
                        Uniquely mapped reads % |	92.79%
                          Average mapped length |	99.71
                       Number of splices: Total |	35
            Number of splices: Annotated (sjdb) |	0
                       Number of splices: GT/AG |	30
                       Number of splices: GC/AG |	0
                       Number of splices: AT/AC |	0
               Number of splices: Non-canonical |	5
                      Mismatch rate per base, % |	1.90%
                         Deletion rate per base |	0.01%
                        Deletion average length |	1.16
                        Insertion rate per base |	0.00%
                       Insertion average length |	1.56
                             MULTI-MAPPING READS:
        Number of reads mapped to multiple loci |	5372
             % of reads mapped to multiple loci |	6.55%
        Number of reads mapped to too many loci |	190
             % of reads mapped to too many loci |	0.23%
                                  UNMAPPED READS:
       % of reads unmapped: too many mismatches |	0.00%
                 % of reads unmapped: too short |	0.27%
                     % of reads unmapped: other |	0.15%
                                  CHIMERIC READS:
                       Number of chimeric reads |	0
                            % of chimeric reads |	0.00%
