                                 Started job on |	Nov 12 04:55:13
                             Started mapping on |	Nov 12 04:55:13
                                    Finished on |	Nov 12 04:55:28
       Mapping speed, Million of reads per hour |	17.30

                          Number of input reads |	72063
                      Average input read length |	100
                                    UNIQUE READS:
                   Uniquely mapped reads number |	66246
                        Uniquely mapped reads % |	91.93%
                          Average mapped length |	99.70
                       Number of splices: Total |	26
            Number of splices: Annotated (sjdb) |	0
                       Number of splices: GT/AG |	25
                       Number of splices: GC/AG |	0
                       Number of splices: AT/AC |	0
               Number of splices: Non-canonical |	1
                      Mismatch rate per base, % |	1.92%
                         Deletion rate per base |	0.00%
                        Deletion average length |	1.43
                        Insertion rate per base |	0.00%
                       Insertion average length |	1.55
                             MULTI-MAPPING READS:
        Number of reads mapped to multiple loci |	5286
             % of reads mapped to multiple loci |	7.34%
        Number of reads mapped to too many loci |	185
             % of reads mapped to too many loci |	0.26%
                                  UNMAPPED READS:
       % of reads unmapped: too many mismatches |	0.00%
                 % of reads unmapped: too short |	0.32%
                     % of reads unmapped: other |	0.16%
                                  CHIMERIC READS:
                       Number of chimeric reads |	0
                            % of chimeric reads |	0.00%
