                                 Started job on |	Nov 12 04:55:53
                             Started mapping on |	Nov 12 04:55:53
                                    Finished on |	Nov 12 04:56:08
       Mapping speed, Million of reads per hour |	17.68

                          Number of input reads |	73654
                      Average input read length |	100
                                    UNIQUE READS:
                   Uniquely mapped reads number |	67825
                        Uniquely mapped reads % |	92.09%
                          Average mapped length |	99.70
                       Number of splices: Total |	24
            Number of splices: Annotated (sjdb) |	0
                       Number of splices: GT/AG |	23
                       Number of splices: GC/AG |	0
                       Number of splices: AT/AC |	0
               Number of splices: Non-canonical |	1
                      Mismatch rate per base, % |	1.92%
                         Deletion rate per base |	0.00%
                        Deletion average length |	1.38
                        Insertion rate per base |	0.00%
                       Insertion average length |	1.50
                             MULTI-MAPPING READS:
        Number of reads mapped to multiple loci |	5293
             % of reads mapped to multiple loci |	7.19%
        Number of reads mapped to too many loci |	184
             % of reads mapped to too many loci |	0.25%
                                  UNMAPPED READS:
       % of reads unmapped: too many mismatches |	0.00%
                 % of reads unmapped: too short |	0.32%
                     % of reads unmapped: other |	0.16%
                                  CHIMERIC READS:
                       Number of chimeric reads |	0
                            % of chimeric reads |	0.00%
