                                 Started job on |	Nov 12 04:56:21
                             Started mapping on |	Nov 12 04:56:21
                                    Finished on |	Nov 12 04:56:35
       Mapping speed, Million of reads per hour |	19.35

                          Number of input reads |	75253
                      Average input read length |	100
                                    UNIQUE READS:
                   Uniquely mapped reads number |	69412
                        Uniquely mapped reads % |	92.24%
                          Average mapped length |	99.71
                       Number of splices: Total |	25
            Number of splices: Annotated (sjdb) |	0
                       Number of splices: GT/AG |	24
                       Number of splices: GC/AG |	0
                       Number of splices: AT/AC |	0
               Number of splices: Non-canonical |	1
                      Mismatch rate per base, % |	1.92%
                         Deletion rate per base |	0.00%
                        Deletion average length |	1.37
                        Insertion rate per base |	0.00%
                       Insertion average length |	1.48
                             MULTI-MAPPING READS:
        Number of reads mapped to multiple loci |	5299
             % of reads mapped to multiple loci |	7.04%
        Number of reads mapped to too many loci |	183
             % of reads mapped to too many loci |	0.24%
                                  UNMAPPED READS:
       % of reads unmapped: too many mismatches |	0.00%
                 % of reads unmapped: too short |	0.32%
                     % of reads unmapped: other |	0.16%
                                  CHIMERIC READS:
                       Number of chimeric reads |	0
                            % of chimeric reads |	0.00%
