                                 Started job on |	Nov 12 04:56:46
                             Started mapping on |	Nov 12 04:56:46
                                    Finished on |	Nov 12 04:57:02
       Mapping speed, Million of reads per hour |	17.29

                          Number of input reads |	76848
                      Average input read length |	100
                                    UNIQUE READS:
                   Uniquely mapped reads number |	70996
                        Uniquely mapped reads % |	92.38%
                          Average mapped length |	99.70
                       Number of splices: Total |	26
            Number of splices: Annotated (sjdb) |	0
                       Number of splices: GT/AG |	25
                       Number of splices: GC/AG |	0
                       Number of splices: AT/AC |	0
               Number of splices: Non-canonical |	1
                      Mismatch rate per base, % |	1.91%
                         Deletion rate per base |	0.00%
                        Deletion average length |	1.31
                        Insertion rate per base |	0.00%
                       Insertion average length |	1.45
                             MULTI-MAPPING READS:
        Number of reads mapped to multiple loci |	5317
             % of reads mapped to multiple loci |	6.92%
        Number of reads mapped to too many loci |	183
             % of reads mapped to too many loci |	0.24%
                                  UNMAPPED READS:
       % of reads unmapped: too many mismatches |	0.00%
                 % of reads unmapped: too short |	0.30%
                     % of reads unmapped: other |	0.15%
                                  CHIMERIC READS:
                       Number of chimeric reads |	0
                            % of chimeric reads |	0.00%
