                                 Started job on |	Nov 12 04:57:53
                             Started mapping on |	Nov 12 04:57:53
                                    Finished on |	Nov 12 04:58:09
       Mapping speed, Million of reads per hour |	17.65

                          Number of input reads |	78453
                      Average input read length |	100
                                    UNIQUE READS:
                   Uniquely mapped reads number |	72575
                        Uniquely mapped reads % |	92.51%
                          Average mapped length |	99.70
                       Number of splices: Total |	28
            Number of splices: Annotated (sjdb) |	0
                       Number of splices: GT/AG |	26
                       Number of splices: GC/AG |	0
                       Number of splices: AT/AC |	0
               Number of splices: Non-canonical |	2
                      Mismatch rate per base, % |	1.92%
                         Deletion rate per base |	0.01%
                        Deletion average length |	1.30
                        Insertion rate per base |	0.00%
                       Insertion average length |	1.42
                             MULTI-MAPPING READS:
        Number of reads mapped to multiple loci |	5327
             % of reads mapped to multiple loci |	6.79%
        Number of reads mapped to too many loci |	192
             % of reads mapped to too many loci |	0.24%
                                  UNMAPPED READS:
       % of reads unmapped: too many mismatches |	0.00%
                 % of reads unmapped: too short |	0.30%
                     % of reads unmapped: other |	0.15%
                                  CHIMERIC READS:
                       Number of chimeric reads |	0
                            % of chimeric reads |	0.00%
