                                 Started job on |	Nov 12 04:58:25
                             Started mapping on |	Nov 12 04:58:25
                                    Finished on |	Nov 12 04:58:41
       Mapping speed, Million of reads per hour |	17.90

                          Number of input reads |	79555
                      Average input read length |	100
                                    UNIQUE READS:
                   Uniquely mapped reads number |	73663
                        Uniquely mapped reads % |	92.59%
                          Average mapped length |	99.70
                       Number of splices: Total |	29
            Number of splices: Annotated (sjdb) |	0
                       Number of splices: GT/AG |	27
                       Number of splices: GC/AG |	0
                       Number of splices: AT/AC |	0
               Number of splices: Non-canonical |	2
                      Mismatch rate per base, % |	1.92%
                         Deletion rate per base |	0.01%
                        Deletion average length |	1.27
                        Insertion rate per base |	0.00%
                       Insertion average length |	1.39
                             MULTI-MAPPING READS:
        Number of reads mapped to multiple loci |	5333
             % of reads mapped to multiple loci |	6.70%
        Number of reads mapped to too many loci |	192
             % of reads mapped to too many loci |	0.24%
                                  UNMAPPED READS:
       % of reads unmapped: too many mismatches |	0.00%
                 % of reads unmapped: too short |	0.31%
                     % of reads unmapped: other |	0.15%
                                  CHIMERIC READS:
                       Number of chimeric reads |	0
                            % of chimeric reads |	0.00%
