                                 Started job on |	Nov 12 04:59:36
                             Started mapping on |	Nov 12 04:59:36
                                    Finished on |	Nov 12 04:59:52
       Mapping speed, Million of reads per hour |	18.17

                          Number of input reads |	80774
                      Average input read length |	100
                                    UNIQUE READS:
                   Uniquely mapped reads number |	74853
                        Uniquely mapped reads % |	92.67%
                          Average mapped length |	99.70
                       Number of splices: Total |	33
            Number of splices: Annotated (sjdb) |	0
                       Number of splices: GT/AG |	29
                       Number of splices: GC/AG |	0
                       Number of splices: AT/AC |	0
               Number of splices: Non-canonical |	4
                      Mismatch rate per base, % |	1.92%
                         Deletion rate per base |	0.01%
                        Deletion average length |	1.17
                        Insertion rate per base |	0.00%
                       Insertion average length |	1.42
                             MULTI-MAPPING READS:
        Number of reads mapped to multiple loci |	5354
             % of reads mapped to multiple loci |	6.63%
        Number of reads mapped to too many loci |	192
             % of reads mapped to too many loci |	0.24%
                                  UNMAPPED READS:
       % of reads unmapped: too many mismatches |	0.00%
                 % of reads unmapped: too short |	0.31%
                     % of reads unmapped: other |	0.15%
                                  CHIMERIC READS:
                       Number of chimeric reads |	0
                            % of chimeric reads |	0.00%
