STAR version=STAR_2.6.1b
STAR compilation time,server,dir=Thu Sep 6 15:33:32 GMT 2018 :/Users/travis/build/alexdobin/travis-tests/STARcompile/source
##### DEFAULT parameters:
versionSTAR                       20201
versionGenome                     20101   20200   
parametersFiles                   -   
sysShell                          -
runMode                           alignReads
runThreadN                        1
runDirPerm                        User_RWX
runRNGseed                        777
genomeDir                         ./GenomeDir/
genomeLoad                        NoSharedMemory
genomeFastaFiles                  -   
genomeChainFiles                  -   
genomeSAindexNbases               14
genomeChrBinNbits                 18
genomeSAsparseD                   1
genomeSuffixLengthMax             18446744073709551615
genomeFileSizes                   0   
genomeConsensusFile               -
readFilesType                     Fastx   
readFilesIn                       Read1   Read2   
readFilesPrefix                   -
readFilesCommand                  -   
readMatesLengthsIn                NotEqual
readMapNumber                     18446744073709551615
readNameSeparator                 /   
inputBAMfile                      -
bamRemoveDuplicatesType           -
bamRemoveDuplicatesMate2basesN    0
limitGenomeGenerateRAM            31000000000
limitIObufferSize                 150000000
limitOutSAMoneReadBytes           100000
limitOutSJcollapsed               1000000
limitOutSJoneRead                 1000
limitBAMsortRAM                   0
limitSjdbInsertNsj                1000000
outFileNamePrefix                 ./
outTmpDir                         -
outTmpKeep                        None
outStd                            Log
outReadsUnmapped                  None
outQSconversionAdd                0
outMultimapperOrder               Old_2.4
outSAMtype                        SAM   
outSAMmode                        Full
outSAMstrandField                 None
outSAMattributes                  Standard   
outSAMunmapped                    None   
outSAMorder                       Paired
outSAMprimaryFlag                 OneBestScore
outSAMreadID                      Standard
outSAMmapqUnique                  255
outSAMflagOR                      0
outSAMflagAND                     65535
outSAMattrRGline                  -   
outSAMheaderHD                    -   
outSAMheaderPG                    -   
outSAMheaderCommentFile           -
outBAMcompression                 1
outBAMsortingThreadN              0
outBAMsortingBinsN                50
outSAMfilter                      None   
outSAMmultNmax                    18446744073709551615
outSAMattrIHstart                 1
outSAMtlen                        1
outSJfilterReads                  All
outSJfilterCountUniqueMin         3   1   1   1   
outSJfilterCountTotalMin          3   1   1   1   
outSJfilterOverhangMin            30   12   12   12   
outSJfilterDistToOtherSJmin       10   0   5   10   
outSJfilterIntronMaxVsReadN       50000   100000   200000   
outWigType                        None   
outWigStrand                      Stranded   
outWigReferencesPrefix            -
outWigNorm                        RPM   
outFilterType                     Normal
outFilterMultimapNmax             10
outFilterMultimapScoreRange       1
outFilterScoreMin                 0
outFilterScoreMinOverLread        0.66
outFilterMatchNmin                0
outFilterMatchNminOverLread       0.66
outFilterMismatchNmax             10
outFilterMismatchNoverLmax        0.3
outFilterMismatchNoverReadLmax    1
outFilterIntronMotifs             None
outFilterIntronStrands            RemoveInconsistentStrands
clip5pNbases                      0   
clip3pNbases                      0   
clip3pAfterAdapterNbases          0   
clip3pAdapterSeq                  -   
clip3pAdapterMMp                  0.1   
winBinNbits                       16
winAnchorDistNbins                9
winFlankNbins                     4
winAnchorMultimapNmax             50
winReadCoverageRelativeMin        0.5
winReadCoverageBasesMin           0
scoreGap                          0
scoreGapNoncan                    -8
scoreGapGCAG                      -4
scoreGapATAC                      -8
scoreStitchSJshift                1
scoreGenomicLengthLog2scale       -0.25
scoreDelBase                      -2
scoreDelOpen                      -2
scoreInsOpen                      -2
scoreInsBase                      -2
seedSearchLmax                    0
seedSearchStartLmax               50
seedSearchStartLmaxOverLread      1
seedPerReadNmax                   1000
seedPerWindowNmax                 50
seedNoneLociPerWindow             10
seedMultimapNmax                  10000
seedSplitMin                      12
alignIntronMin                    21
alignIntronMax                    0
alignMatesGapMax                  0
alignTranscriptsPerReadNmax       10000
alignSJoverhangMin                5
alignSJDBoverhangMin              3
alignSJstitchMismatchNmax         0   -1   0   0   
alignSplicedMateMapLmin           0
alignSplicedMateMapLminOverLmate    0.66
alignWindowsPerReadNmax           10000
alignTranscriptsPerWindowNmax     100
alignEndsType                     Local
alignSoftClipAtReferenceEnds      Yes
alignEndsProtrude                 0   ConcordantPair   
alignInsertionFlush               None
peOverlapNbasesMin                0
peOverlapMMp                      0.01
chimSegmentMin                    0
chimScoreMin                      0
chimScoreDropMax                  20
chimScoreSeparation               10
chimScoreJunctionNonGTAG          -1
chimMainSegmentMultNmax           10
chimJunctionOverhangMin           20
chimOutType                       Junctions   
chimFilter                        banGenomicN   
chimSegmentReadGapMax             0
chimMultimapNmax                  0
chimMultimapScoreRange            1
chimNonchimScoreDropMin           20
chimOutJunctionFormat             0   
sjdbFileChrStartEnd               -   
sjdbGTFfile                       -
sjdbGTFchrPrefix                  -
sjdbGTFfeatureExon                exon
sjdbGTFtagExonParentTranscript    transcript_id
sjdbGTFtagExonParentGene          gene_id
sjdbOverhang                      100
sjdbScore                         2
sjdbInsertSave                    Basic
varVCFfile                        -
waspOutputMode                    None
quantMode                         -   
quantTranscriptomeBAMcompression    1
quantTranscriptomeBan             IndelSoftclipSingleend
twopass1readsN                    18446744073709551615
twopassMode                       None
##### Command Line:
STAR --runMode genomeGenerate --runThreadN 24 --genomeDir ./ --genomeFastaFiles ecoli.fa --genomeSAindexNbases 6
##### Initial USER parameters from Command Line:
###### All USER parameters from Command Line:
runMode                       genomeGenerate     ~RE-DEFINED
runThreadN                    24     ~RE-DEFINED
genomeDir                     ./     ~RE-DEFINED
genomeFastaFiles              ecoli.fa        ~RE-DEFINED
genomeSAindexNbases           6     ~RE-DEFINED
##### Finished reading parameters from all sources

##### Final user re-defined parameters-----------------:
runMode                           genomeGenerate
runThreadN                        24
genomeDir                         ./
genomeFastaFiles                  ecoli.fa   
genomeSAindexNbases               6

-------------------------------
##### Final effective command line:
STAR   --runMode genomeGenerate   --runThreadN 24   --genomeDir ./   --genomeFastaFiles ecoli.fa      --genomeSAindexNbases 6

##### Final parameters after user input--------------------------------:
versionSTAR                       20201
versionGenome                     20101   20200   
parametersFiles                   -   
sysShell                          -
runMode                           genomeGenerate
runThreadN                        24
runDirPerm                        User_RWX
runRNGseed                        777
genomeDir                         ./
genomeLoad                        NoSharedMemory
genomeFastaFiles                  ecoli.fa   
genomeChainFiles                  -   
genomeSAindexNbases               6
genomeChrBinNbits                 18
genomeSAsparseD                   1
genomeSuffixLengthMax             18446744073709551615
genomeFileSizes                   0   
genomeConsensusFile               -
readFilesType                     Fastx   
readFilesIn                       Read1   Read2   
readFilesPrefix                   -
readFilesCommand                  -   
readMatesLengthsIn                NotEqual
readMapNumber                     18446744073709551615
readNameSeparator                 /   
inputBAMfile                      -
bamRemoveDuplicatesType           -
bamRemoveDuplicatesMate2basesN    0
limitGenomeGenerateRAM            31000000000
limitIObufferSize                 150000000
limitOutSAMoneReadBytes           100000
limitOutSJcollapsed               1000000
limitOutSJoneRead                 1000
limitBAMsortRAM                   0
limitSjdbInsertNsj                1000000
outFileNamePrefix                 ./
outTmpDir                         -
outTmpKeep                        None
outStd                            Log
outReadsUnmapped                  None
outQSconversionAdd                0
outMultimapperOrder               Old_2.4
outSAMtype                        SAM   
outSAMmode                        Full
outSAMstrandField                 None
outSAMattributes                  Standard   
outSAMunmapped                    None   
outSAMorder                       Paired
outSAMprimaryFlag                 OneBestScore
outSAMreadID                      Standard
outSAMmapqUnique                  255
outSAMflagOR                      0
outSAMflagAND                     65535
outSAMattrRGline                  -   
outSAMheaderHD                    -   
outSAMheaderPG                    -   
outSAMheaderCommentFile           -
outBAMcompression                 1
outBAMsortingThreadN              0
outBAMsortingBinsN                50
outSAMfilter                      None   
outSAMmultNmax                    18446744073709551615
outSAMattrIHstart                 1
outSAMtlen                        1
outSJfilterReads                  All
outSJfilterCountUniqueMin         3   1   1   1   
outSJfilterCountTotalMin          3   1   1   1   
outSJfilterOverhangMin            30   12   12   12   
outSJfilterDistToOtherSJmin       10   0   5   10   
outSJfilterIntronMaxVsReadN       50000   100000   200000   
outWigType                        None   
outWigStrand                      Stranded   
outWigReferencesPrefix            -
outWigNorm                        RPM   
outFilterType                     Normal
outFilterMultimapNmax             10
outFilterMultimapScoreRange       1
outFilterScoreMin                 0
outFilterScoreMinOverLread        0.66
outFilterMatchNmin                0
outFilterMatchNminOverLread       0.66
outFilterMismatchNmax             10
outFilterMismatchNoverLmax        0.3
outFilterMismatchNoverReadLmax    1
outFilterIntronMotifs             None
outFilterIntronStrands            RemoveInconsistentStrands
clip5pNbases                      0   
clip3pNbases                      0   
clip3pAfterAdapterNbases          0   
clip3pAdapterSeq                  -   
clip3pAdapterMMp                  0.1   
winBinNbits                       16
winAnchorDistNbins                9
winFlankNbins                     4
winAnchorMultimapNmax             50
winReadCoverageRelativeMin        0.5
winReadCoverageBasesMin           0
scoreGap                          0
scoreGapNoncan                    -8
scoreGapGCAG                      -4
scoreGapATAC                      -8
scoreStitchSJshift                1
scoreGenomicLengthLog2scale       -0.25
scoreDelBase                      -2
scoreDelOpen                      -2
scoreInsOpen                      -2
scoreInsBase                      -2
seedSearchLmax                    0
seedSearchStartLmax               50
seedSearchStartLmaxOverLread      1
seedPerReadNmax                   1000
seedPerWindowNmax                 50
seedNoneLociPerWindow             10
seedMultimapNmax                  10000
seedSplitMin                      12
alignIntronMin                    21
alignIntronMax                    0
alignMatesGapMax                  0
alignTranscriptsPerReadNmax       10000
alignSJoverhangMin                5
alignSJDBoverhangMin              3
alignSJstitchMismatchNmax         0   -1   0   0   
alignSplicedMateMapLmin           0
alignSplicedMateMapLminOverLmate    0.66
alignWindowsPerReadNmax           10000
alignTranscriptsPerWindowNmax     100
alignEndsType                     Local
alignSoftClipAtReferenceEnds      Yes
alignEndsProtrude                 0   ConcordantPair   
alignInsertionFlush               None
peOverlapNbasesMin                0
peOverlapMMp                      0.01
chimSegmentMin                    0
chimScoreMin                      0
chimScoreDropMax                  20
chimScoreSeparation               10
chimScoreJunctionNonGTAG          -1
chimMainSegmentMultNmax           10
chimJunctionOverhangMin           20
chimOutType                       Junctions   
chimFilter                        banGenomicN   
chimSegmentReadGapMax             0
chimMultimapNmax                  0
chimMultimapScoreRange            1
chimNonchimScoreDropMin           20
chimOutJunctionFormat             0   
sjdbFileChrStartEnd               -   
sjdbGTFfile                       -
sjdbGTFchrPrefix                  -
sjdbGTFfeatureExon                exon
sjdbGTFtagExonParentTranscript    transcript_id
sjdbGTFtagExonParentGene          gene_id
sjdbOverhang                      100
sjdbScore                         2
sjdbInsertSave                    Basic
varVCFfile                        -
waspOutputMode                    None
quantMode                         -   
quantTranscriptomeBAMcompression    1
quantTranscriptomeBan             IndelSoftclipSingleend
twopass1readsN                    18446744073709551615
twopassMode                       None
----------------------------------------

Finished loading and checking parameters
Nov 12 04:51:15 ... starting to generate Genome files
ecoli.fa : chr # 0  "ecoli" chrStart: 0
Estimated genome size=205718592   4718592   201000000
GstrandBit=32
Number of SA indices: 9279350
Nov 12 04:51:15 ... starting to sort Suffix Array. This may take a long time...
Number of chunks: 25;   chunks size limit: 3227600 bytes
Nov 12 04:51:15 ... sorting Suffix Array chunks and saving them to disk...
Writing 3055040 bytes into .//SA_1 ; empty space on disk = 83370855890944 bytes ... done
Writing 2960784 bytes into .//SA_21 ; empty space on disk = 83367726940160 bytes ... done
Writing 3016424 bytes into .//SA_23 ; empty space on disk = 83364694458368 bytes ... done
Writing 2937312 bytes into .//SA_20 ; empty space on disk = 83361603256320 bytes ... done
Writing 3071480 bytes into .//SA_0 ; empty space on disk = 83358591746048 bytes ... done
Writing 2852376 bytes into .//SA_17 ; empty space on disk = 83355446018048 bytes ... done
Writing 2924448 bytes into .//SA_18 ; empty space on disk = 83352522588160 bytes ... done
Writing 3155624 bytes into .//SA_22 ; empty space on disk = 83349527855104 bytes ...Writing 3197272 bytes into .//SA_4 ; empty space on disk = 83349527855104 bytes ...Writing 2945488 bytes into .//SA_5 ; empty space on disk = 83349527855104 bytes ... done
Writing 3108712 bytes into .//SA_19 ; empty space on disk = 83346507956224 bytes ... done
Writing 3182064 bytes into .//SA_2 ; empty space on disk = 83343324479488 bytes ... done
 done
Writing 3169960 bytes into .//SA_11 ; empty space on disk = 83336831696896 bytes ... done
 done
Writing 2841840 bytes into .//SA_6 ; empty space on disk = 83330309554176 bytes ... done
Writing 3214824 bytes into .//SA_12 ; empty space on disk = 83327398707200 bytes ... done
Writing 3004808 bytes into .//SA_7 ; empty space on disk = 83324106178560 bytes ... done
Writing 3079880 bytes into .//SA_16 ; empty space on disk = 83321027559424 bytes ... done
Writing 3202800 bytes into .//SA_3 ; empty space on disk = 83317873442816 bytes ...Writing 3201544 bytes into .//SA_9 ; empty space on disk = 83317873442816 bytes ... done
 done
Writing 3005944 bytes into .//SA_15 ; empty space on disk = 83311313551360 bytes ... done
Writing 3060864 bytes into .//SA_8 ; empty space on disk = 83308234932224 bytes ... done
Writing 3200032 bytes into .//SA_14 ; empty space on disk = 83305097592832 bytes ...Writing 3095088 bytes into .//SA_13 ; empty space on disk = 83305097592832 bytes ... done
 done
Writing 3184240 bytes into .//SA_10 ; empty space on disk = 83298646753280 bytes ... done
Writing 565952 bytes into .//SA_24 ; empty space on disk = 83295383584768 bytes ... done
Nov 12 04:51:16 ... loading chunks from disk, packing SA...
Nov 12 04:51:16 ... finished generating suffix array
Nov 12 04:51:16 ... generating Suffix Array index
Nov 12 04:51:16 ... completed Suffix Array index
Nov 12 04:51:16 ... writing Genome to disk ...
Writing 4718592 bytes into .//Genome ; empty space on disk = 83370851696640 bytes ... done
SA size in bytes: 38277322
Nov 12 04:51:16 ... writing Suffix Array to disk ...
Writing 38277322 bytes into .//SA ; empty space on disk = 83366019858432 bytes ... done
Nov 12 04:51:16 ... writing SAindex to disk
Writing 8 bytes into .//SAindex ; empty space on disk = 83326819893248 bytes ... done
Writing 56 bytes into .//SAindex ; empty space on disk = 83326819893248 bytes ... done
Writing 23891 bytes into .//SAindex ; empty space on disk = 83326819893248 bytes ... done
Nov 12 04:51:16 ..... finished successfully
DONE: Genome generation, EXITING
